# JRE version: Java(TM) SE Runtime Environment (21.0.7+8) (build 21.0.7+8-LTS-245)
# Java VM: Java HotSpot(TM) 64-Bit Server VM (21.0.7+8-LTS-245, mixed mode, sharing, tiered, compressed oops, compressed class ptrs, g1 gc, windows-amd64)
GC Precious Log:
 CardTable entry size: 512
 Card Set container configuration: InlinePtr #cards 5 size 8 Array Of Cards #cards 12 size 40 Howl #buckets 4 coarsen threshold 1843 Howl Bitmap #cards 512 size 80 coarsen threshold 460 Card regions per heap region 1 cards per card region 2048
 CPUs: 8 total, 8 available
 Memory: 8066M
 Large Page Support: Disabled
 NUMA Support: Disabled
 Compressed Oops: Enabled (32-bit)
 Heap Region Size: 1M
 Heap Min Capacity: 8M
 Heap Initial Capacity: 128M
 Heap Max Capacity: 2018M
 Pre-touch: Disabled
 Parallel Workers: 8
 Concurrent Workers: 2
 Concurrent Refinement Workers: 8
 Periodic GC: Disabled
Heap:
 garbage-first heap   total 67584K, used 56455K [0x0000000081e00000, 0x0000000100000000)
  region size 1024K, 28 young (28672K), 3 survivors (3072K)
 Metaspace       used 70942K, committed 71680K, reserved 1114112K
  class space    used 9537K, committed 9856K, reserved 1048576K
GC Heap History (20 events):
Event: 1.761 GC heap after
{Heap after GC invocations=2 (full 0):
 garbage-first heap   total 131072K, used 10606K [0x0000000081e00000, 0x0000000100000000)
  region size 1024K, 3 young (3072K), 3 survivors (3072K)
 Metaspace       used 13237K, committed 13504K, reserved 1114112K
  class space    used 1597K, committed 1728K, reserved 1048576K
}
Event: 3.248 GC heap before
{Heap before GC invocations=2 (full 0):
 garbage-first heap   total 131072K, used 58734K [0x0000000081e00000, 0x0000000100000000)
  region size 1024K, 51 young (52224K), 3 survivors (3072K)
 Metaspace       used 21189K, committed 21504K, reserved 1114112K
  class space    used 2571K, committed 2752K, reserved 1048576K
}
Event: 3.257 GC heap after
{Heap after GC invocations=3 (full 0):
 garbage-first heap   total 131072K, used 14918K [0x0000000081e00000, 0x0000000100000000)
  region size 1024K, 7 young (7168K), 7 survivors (7168K)
 Metaspace       used 21189K, committed 21504K, reserved 1114112K
  class space    used 2571K, committed 2752K, reserved 1048576K
}
Event: 4.941 GC heap before
{Heap before GC invocations=4 (full 0):
 garbage-first heap   total 55296K, used 54854K [0x0000000081e00000, 0x0000000100000000)
  region size 1024K, 46 young (47104K), 7 survivors (7168K)
 Metaspace       used 28520K, committed 29056K, reserved 1114112K
  class space    used 3577K, committed 3840K, reserved 1048576K
}
Event: 4.954 GC heap after
{Heap after GC invocations=5 (full 0):
 garbage-first heap   total 67584K, used 19043K [0x0000000081e00000, 0x0000000100000000)
  region size 1024K, 9 young (9216K), 9 survivors (9216K)
 Metaspace       used 28520K, committed 29056K, reserved 1114112K
  class space    used 3577K, committed 3840K, reserved 1048576K
}
Event: 5.879 GC heap before
{Heap before GC invocations=5 (full 0):
 garbage-first heap   total 67584K, used 49763K [0x0000000081e00000, 0x0000000100000000)
  region size 1024K, 39 young (39936K), 9 survivors (9216K)
 Metaspace       used 35363K, committed 35904K, reserved 1114112K
  class space    used 4362K, committed 4608K, reserved 1048576K
}
Event: 5.888 GC heap after
{Heap after GC invocations=6 (full 0):
 garbage-first heap   total 67584K, used 21238K [0x0000000081e00000, 0x0000000100000000)
  region size 1024K, 3 young (3072K), 3 survivors (3072K)
 Metaspace       used 35363K, committed 35904K, reserved 1114112K
  class space    used 4362K, committed 4608K, reserved 1048576K
}
Event: 5.891 GC heap before
{Heap before GC invocations=6 (full 0):
 garbage-first heap   total 67584K, used 21238K [0x0000000081e00000, 0x0000000100000000)
  region size 1024K, 4 young (4096K), 3 survivors (3072K)
 Metaspace       used 35470K, committed 35968K, reserved 1114112K
  class space    used 4362K, committed 4608K, reserved 1048576K
}
Event: 5.895 GC heap after
{Heap after GC invocations=7 (full 0):
 garbage-first heap   total 67584K, used 20545K [0x0000000081e00000, 0x0000000100000000)
  region size 1024K, 3 young (3072K), 3 survivors (3072K)
 Metaspace       used 35470K, committed 35968K, reserved 1114112K
  class space    used 4362K, committed 4608K, reserved 1048576K
}
Event: 7.115 GC heap before
{Heap before GC invocations=8 (full 0):
 garbage-first heap   total 67584K, used 54337K [0x0000000081e00000, 0x0000000100000000)
  region size 1024K, 36 young (36864K), 3 survivors (3072K)
 Metaspace       used 44571K, committed 45120K, reserved 1114112K
  class space    used 5784K, committed 6016K, reserved 1048576K
}
Event: 7.119 GC heap after
{Heap after GC invocations=9 (full 0):
 garbage-first heap   total 67584K, used 22236K [0x0000000081e00000, 0x0000000100000000)
  region size 1024K, 4 young (4096K), 4 survivors (4096K)
 Metaspace       used 44571K, committed 45120K, reserved 1114112K
  class space    used 5784K, committed 6016K, reserved 1048576K
}
Event: 8.017 GC heap before
{Heap before GC invocations=9 (full 0):
 garbage-first heap   total 67584K, used 56028K [0x0000000081e00000, 0x0000000100000000)
  region size 1024K, 37 young (37888K), 4 survivors (4096K)
 Metaspace       used 54819K, committed 55424K, reserved 1114112K
  class space    used 7338K, committed 7616K, reserved 1048576K
}
Event: 8.023 GC heap after
{Heap after GC invocations=10 (full 0):
 garbage-first heap   total 67584K, used 23659K [0x0000000081e00000, 0x0000000100000000)
  region size 1024K, 4 young (4096K), 4 survivors (4096K)
 Metaspace       used 54819K, committed 55424K, reserved 1114112K
  class space    used 7338K, committed 7616K, reserved 1048576K
}
Event: 8.638 GC heap before
{Heap before GC invocations=10 (full 0):
 garbage-first heap   total 67584K, used 45163K [0x0000000081e00000, 0x0000000100000000)
  region size 1024K, 26 young (26624K), 4 survivors (4096K)
 Metaspace       used 59704K, committed 60288K, reserved 1114112K
  class space    used 7989K, committed 8256K, reserved 1048576K
}
Event: 8.646 GC heap after
{Heap after GC invocations=11 (full 0):
 garbage-first heap   total 67584K, used 25689K [0x0000000081e00000, 0x0000000100000000)
  region size 1024K, 4 young (4096K), 4 survivors (4096K)
 Metaspace       used 59704K, committed 60288K, reserved 1114112K
  class space    used 7989K, committed 8256K, reserved 1048576K
}
Event: 9.885 GC heap before
{Heap before GC invocations=12 (full 0):
 garbage-first heap   total 67584K, used 58457K [0x0000000081e00000, 0x0000000100000000)
  region size 1024K, 36 young (36864K), 4 survivors (4096K)
 Metaspace       used 64430K, committed 65088K, reserved 1114112K
  class space    used 8730K, committed 9024K, reserved 1048576K
}
Event: 9.893 GC heap after
{Heap after GC invocations=13 (full 0):
 garbage-first heap   total 67584K, used 28998K [0x0000000081e00000, 0x0000000100000000)
  region size 1024K, 5 young (5120K), 5 survivors (5120K)
 Metaspace       used 64430K, committed 65088K, reserved 1114112K
  class space    used 8730K, committed 9024K, reserved 1048576K
}
Event: 79.779 GC heap before
{Heap before GC invocations=13 (full 0):
 garbage-first heap   total 67584K, used 56646K [0x0000000081e00000, 0x0000000100000000)
  region size 1024K, 33 young (33792K), 5 survivors (5120K)
 Metaspace       used 68591K, committed 69248K, reserved 1114112K
  class space    used 9268K, committed 9536K, reserved 1048576K
}
Event: 79.788 GC heap after
{Heap after GC invocations=14 (full 0):
 garbage-first heap   total 67584K, used 30939K [0x0000000081e00000, 0x0000000100000000)
  region size 1024K, 3 young (3072K), 3 survivors (3072K)
 Metaspace       used 68591K, committed 69248K, reserved 1114112K
  class space    used 9268K, committed 9536K, reserved 1048576K
}
Event: 304.805 GC heap before
{Heap before GC invocations=14 (full 0):
 garbage-first heap   total 67584K, used 54491K [0x0000000081e00000, 0x0000000100000000)
  region size 1024K, 28 young (28672K), 3 survivors (3072K)
 Metaspace       used 70942K, committed 71680K, reserved 1114112K
  class space    used 9537K, committed 9856K, reserved 1048576K
}

